<?xml version="1.0" encoding="UTF-8"?>
<testsuite name="taxipark.TestTask3FrequentPassengers" tests="1" skipped="0" failures="0" errors="0" timestamp="2023-08-06T18:38:43" hostname="OS-7MF97D3" time="0.039">
  <properties/>
  <testcase name="test0" classname="taxipark.TestTask3FrequentPassengers" time="0.039"/>
  <system-out><![CDATA[trips made by the driver: [Trip(driver=Driver(name=D-1), passengers=[Passenger(name=P-1)], duration=10, distance=3.0, discount=null), Trip(driver=Driver(name=D-1), passengers=[Passenger(name=P-1)], duration=10, distance=3.0, discount=null), Trip(driver=Driver(name=D-1), passengers=[Passenger(name=P-1), Passenger(name=P-3)], duration=10, distance=3.0, discount=null), Trip(driver=Driver(name=D-1), passengers=[Passenger(name=P-3)], duration=10, distance=3.0, discount=null), Trip(driver=Driver(name=D-1), passengers=[Passenger(name=P-2)], duration=10, distance=3.0, discount=null)]
passengers that traveled with this driver: [[Passenger(name=P-1)], [Passenger(name=P-1)], [Passenger(name=P-1), Passenger(name=P-3)], [Passenger(name=P-3)], [Passenger(name=P-2)]]
grouping by: {Passenger(name=P-1)=3, Passenger(name=P-3)=2, Passenger(name=P-2)=1}
]]></system-out>
  <system-err><![CDATA[]]></system-err>
</testsuite>
